ninja: Entering directory `./out'
[1/23] ACTION //third_party:gbenchmark(//build/toolchain/win:msvc)
['../build/tools/cmake.py', '../third_party/googlebenchmark', 'BENCHMARK_ENABLE_TESTING=OFF', 'obj/third_party/gbenchmark', 'gbenchmark', 'x64', 'false', 'true', 'v177', '0x0A00']
cmake -A x64 -DCMAKE_POLICY_DEFAULT_CMP0091=NEW -DCMAKE_MSVC_RUNTIME_LIBRARY=MultiThreaded -DCMAKE_INSTALL_PREFIX=gbenchmark -DBENCHMARK_ENABLE_TESTING=OFF -DCMAKE_C_FLAGS_INIT="/D _WIN32_WINNT=0x0A00" -DCMAKE_CXX_FLAGS_INIT="/D _WIN32_WINNT=0x0A00" -S ../third_party/googlebenchmark -B obj/third_party/gbenchmark
-- Could NOT find Git (missing: GIT_EXECUTABLE) 
-- Version: 1.5.4
-- Performing Test HAVE_STD_REGEX -- success
-- Performing Test HAVE_GNU_POSIX_REGEX -- failed to compile
-- Performing Test HAVE_POSIX_REGEX -- failed to compile
-- Performing Test HAVE_STEADY_CLOCK -- success
-- Configuring done (0.2s)
-- Generating done (0.3s)
-- Build files have been written to: D:/Dev/src/ccl/mgis/out/obj/third_party/gbenchmark
cmake --build obj/third_party/gbenchmark --config release
适用于 .NET Framework MSBuild 版本 17.7.2+d6990bcfa

  benchmark.vcxproj -> D:\Dev\src\ccl\mgis\out\obj\third_party\gbenchmark\src\Release\benchmark.lib
  benchmark_main.vcxproj -> D:\Dev\src\ccl\mgis\out\obj\third_party\gbenchmark\src\Release\benchmark_main.lib
cmake --install obj/third_party/gbenchmark --config release --prefix gbenchmark
-- Up-to-date: D:/Dev/src/ccl/mgis/out/gbenchmark/lib/benchmark.lib
-- Up-to-date: D:/Dev/src/ccl/mgis/out/gbenchmark/lib/benchmark_main.lib
-- Up-to-date: D:/Dev/src/ccl/mgis/out/gbenchmark/include/benchmark
-- Up-to-date: D:/Dev/src/ccl/mgis/out/gbenchmark/include/benchmark/benchmark.h
-- Up-to-date: D:/Dev/src/ccl/mgis/out/gbenchmark/lib/cmake/benchmark/benchmarkConfig.cmake
-- Up-to-date: D:/Dev/src/ccl/mgis/out/gbenchmark/lib/cmake/benchmark/benchmarkConfigVersion.cmake
-- Up-to-date: D:/Dev/src/ccl/mgis/out/gbenchmark/lib/pkgconfig/benchmark.pc
-- Up-to-date: D:/Dev/src/ccl/mgis/out/gbenchmark/lib/cmake/benchmark/benchmarkTargets.cmake
-- Up-to-date: D:/Dev/src/ccl/mgis/out/gbenchmark/lib/cmake/benchmark/benchmarkTargets-release.cmake
[2/22] ACTION //third_party:gtest(//build/toolchain/win:msvc)
['../build/tools/cmake.py', '../third_party/googletest', 'CMAKE_VERBOSE_MAKEFILE:BOOL=ON', 'obj/third_party/gtest', 'gtest', 'x64', 'false', 'true', 'v177', '0x0A00']
cmake -A x64 -DCMAKE_POLICY_DEFAULT_CMP0091=NEW -DCMAKE_MSVC_RUNTIME_LIBRARY=MultiThreaded -DCMAKE_INSTALL_PREFIX=gtest -DCMAKE_VERBOSE_MAKEFILE:BOOL=ON -DCMAKE_C_FLAGS_INIT="/D _WIN32_WINNT=0x0A00" -DCMAKE_CXX_FLAGS_INIT="/D _WIN32_WINNT=0x0A00" -S ../third_party/googletest -B obj/third_party/gtest
CMake Deprecation Warning at CMakeLists.txt:4 (cmake_minimum_required):
  Compatibility with CMake < 3.5 will be removed from a future version of
  CMake.

  Update the VERSION argument <min> value or use a ...<max> suffix to tell
  CMake that the project does not need compatibility with older versions.


CMake Deprecation Warning at googlemock/CMakeLists.txt:45 (cmake_minimum_required):
  Compatibility with CMake < 3.5 will be removed from a future version of
  CMake.

  Update the VERSION argument <min> value or use a ...<max> suffix to tell
  CMake that the project does not need compatibility with older versions.


CMake Deprecation Warning at googletest/CMakeLists.txt:56 (cmake_minimum_required):
  Compatibility with CMake < 3.5 will be removed from a future version of
  CMake.

  Update the VERSION argument <min> value or use a ...<max> suffix to tell
  CMake that the project does not need compatibility with older versions.


-- Configuring done (0.8s)
-- Generating done (0.4s)
-- Build files have been written to: D:/Dev/src/ccl/mgis/out/obj/third_party/gtest
cmake --build obj/third_party/gtest --config release
Change Dir: 'D:/Dev/src/ccl/mgis/out/obj/third_party/gtest'

Run Build Command(s): "C:/Program Files/Microsoft Visual Studio/2022/Community/MSBuild/Current/Bin/amd64/MSBuild.exe" ALL_BUILD.vcxproj /p:Configuration=release /p:Platform=x64 /p:VisualStudioVersion=17.0 /v:n
适用于 .NET Framework MSBuild 版本 17.7.2+d6990bcfa
生成启动时间为 2023/12/16 17:49:17。

节点 1 上的项目“D:\Dev\src\ccl\mgis\out\obj\third_party\gtest\ALL_BUILD.vcxproj”(默认目标)。
项目“D:\Dev\src\ccl\mgis\out\obj\third_party\gtest\ALL_BUILD.vcxproj”(1)正在节点 1 上生成“D:\Dev\src\ccl\mgis\out\obj\third_party\gtest\ZERO_CHECK.vcxproj”(2) (默认目标)。
InitializeBuildStatus:
  正在创建“x64\release\ZERO_CHECK\ZERO_CHECK.tlog\unsuccessfulbuild”，因为已指定“AlwaysCreate”。
  正在对“x64\release\ZERO_CHECK\ZERO_CHECK.tlog\unsuccessfulbuild”执行 Touch 任务。
CustomBuild:
  所有输出均为最新。
FinalizeBuildStatus:
  正在删除文件“x64\release\ZERO_CHECK\ZERO_CHECK.tlog\unsuccessfulbuild”。
  正在对“x64\release\ZERO_CHECK\ZERO_CHECK.tlog\ZERO_CHECK.lastbuildstate”执行 Touch 任务。
已完成生成项目“D:\Dev\src\ccl\mgis\out\obj\third_party\gtest\ZERO_CHECK.vcxproj”(默认目标)的操作。
项目“D:\Dev\src\ccl\mgis\out\obj\third_party\gtest\ALL_BUILD.vcxproj”(1)正在节点 1 上生成“D:\Dev\src\ccl\mgis\out\obj\third_party\gtest\googlemock\gmock.vcxproj”(3) (默认目标)。
InitializeBuildStatus:
  正在创建“gmock.dir\Release\gmock.tlog\unsuccessfulbuild”，因为已指定“AlwaysCreate”。
  正在对“gmock.dir\Release\gmock.tlog\unsuccessfulbuild”执行 Touch 任务。
CustomBuild:
  所有输出均为最新。
ClCompile:
  所有输出均为最新。
Lib:
  所有输出均为最新。
  gmock.vcxproj -> D:\Dev\src\ccl\mgis\out\obj\third_party\gtest\lib\Release\gmock.lib
FinalizeBuildStatus:
  正在删除文件“gmock.dir\Release\gmock.tlog\unsuccessfulbuild”。
  正在对“gmock.dir\Release\gmock.tlog\gmock.lastbuildstate”执行 Touch 任务。
已完成生成项目“D:\Dev\src\ccl\mgis\out\obj\third_party\gtest\googlemock\gmock.vcxproj”(默认目标)的操作。
项目“D:\Dev\src\ccl\mgis\out\obj\third_party\gtest\ALL_BUILD.vcxproj”(1)正在节点 1 上生成“D:\Dev\src\ccl\mgis\out\obj\third_party\gtest\googlemock\gmock_main.vcxproj”(4) (默认目标)。
InitializeBuildStatus:
  正在创建“gmock_main.dir\Release\gmock_main.tlog\unsuccessfulbuild”，因为已指定“AlwaysCreate”。
  正在对“gmock_main.dir\Release\gmock_main.tlog\unsuccessfulbuild”执行 Touch 任务。
CustomBuild:
  所有输出均为最新。
ClCompile:
  所有输出均为最新。
Lib:
  所有输出均为最新。
  gmock_main.vcxproj -> D:\Dev\src\ccl\mgis\out\obj\third_party\gtest\lib\Release\gmock_main.lib
FinalizeBuildStatus:
  正在删除文件“gmock_main.dir\Release\gmock_main.tlog\unsuccessfulbuild”。
  正在对“gmock_main.dir\Release\gmock_main.tlog\gmock_main.lastbuildstate”执行 Touch 任务。
已完成生成项目“D:\Dev\src\ccl\mgis\out\obj\third_party\gtest\googlemock\gmock_main.vcxproj”(默认目标)的操作。
项目“D:\Dev\src\ccl\mgis\out\obj\third_party\gtest\ALL_BUILD.vcxproj”(1)正在节点 1 上生成“D:\Dev\src\ccl\mgis\out\obj\third_party\gtest\googletest\gtest.vcxproj”(5) (默认目标)。
InitializeBuildStatus:
  正在创建“gtest.dir\Release\gtest.tlog\unsuccessfulbuild”，因为已指定“AlwaysCreate”。
  正在对“gtest.dir\Release\gtest.tlog\unsuccessfulbuild”执行 Touch 任务。
CustomBuild:
  所有输出均为最新。
ClCompile:
  所有输出均为最新。
Lib:
  所有输出均为最新。
  gtest.vcxproj -> D:\Dev\src\ccl\mgis\out\obj\third_party\gtest\lib\Release\gtest.lib
FinalizeBuildStatus:
  正在删除文件“gtest.dir\Release\gtest.tlog\unsuccessfulbuild”。
  正在对“gtest.dir\Release\gtest.tlog\gtest.lastbuildstate”执行 Touch 任务。
已完成生成项目“D:\Dev\src\ccl\mgis\out\obj\third_party\gtest\googletest\gtest.vcxproj”(默认目标)的操作。
项目“D:\Dev\src\ccl\mgis\out\obj\third_party\gtest\ALL_BUILD.vcxproj”(1)正在节点 1 上生成“D:\Dev\src\ccl\mgis\out\obj\third_party\gtest\googletest\gtest_main.vcxproj”(6) (默认目标)。
InitializeBuildStatus:
  正在创建“gtest_main.dir\Release\gtest_main.tlog\unsuccessfulbuild”，因为已指定“AlwaysCreate”。
  正在对“gtest_main.dir\Release\gtest_main.tlog\unsuccessfulbuild”执行 Touch 任务。
CustomBuild:
  所有输出均为最新。
ClCompile:
  所有输出均为最新。
Lib:
  所有输出均为最新。
  gtest_main.vcxproj -> D:\Dev\src\ccl\mgis\out\obj\third_party\gtest\lib\Release\gtest_main.lib
FinalizeBuildStatus:
  正在删除文件“gtest_main.dir\Release\gtest_main.tlog\unsuccessfulbuild”。
  正在对“gtest_main.dir\Release\gtest_main.tlog\gtest_main.lastbuildstate”执行 Touch 任务。
已完成生成项目“D:\Dev\src\ccl\mgis\out\obj\third_party\gtest\googletest\gtest_main.vcxproj”(默认目标)的操作。
InitializeBuildStatus:
  正在创建“x64\release\ALL_BUILD\ALL_BUILD.tlog\unsuccessfulbuild”，因为已指定“AlwaysCreate”。
  正在对“x64\release\ALL_BUILD\ALL_BUILD.tlog\unsuccessfulbuild”执行 Touch 任务。
CustomBuild:
  所有输出均为最新。
FinalizeBuildStatus:
  正在删除文件“x64\release\ALL_BUILD\ALL_BUILD.tlog\unsuccessfulbuild”。
  正在对“x64\release\ALL_BUILD\ALL_BUILD.tlog\ALL_BUILD.lastbuildstate”执行 Touch 任务。
已完成生成项目“D:\Dev\src\ccl\mgis\out\obj\third_party\gtest\ALL_BUILD.vcxproj”(默认目标)的操作。

已成功生成。
    0 个警告
    0 个错误

已用时间 00:00:00.80

cmake --install obj/third_party/gtest --config release --prefix gtest
-- Up-to-date: D:/Dev/src/ccl/mgis/out/gtest/include
-- Up-to-date: D:/Dev/src/ccl/mgis/out/gtest/include/gmock
-- Up-to-date: D:/Dev/src/ccl/mgis/out/gtest/include/gmock/gmock-actions.h
-- Up-to-date: D:/Dev/src/ccl/mgis/out/gtest/include/gmock/gmock-cardinalities.h
-- Up-to-date: D:/Dev/src/ccl/mgis/out/gtest/include/gmock/gmock-function-mocker.h
-- Up-to-date: D:/Dev/src/ccl/mgis/out/gtest/include/gmock/gmock-matchers.h
-- Up-to-date: D:/Dev/src/ccl/mgis/out/gtest/include/gmock/gmock-more-actions.h
-- Up-to-date: D:/Dev/src/ccl/mgis/out/gtest/include/gmock/gmock-more-matchers.h
-- Up-to-date: D:/Dev/src/ccl/mgis/out/gtest/include/gmock/gmock-nice-strict.h
-- Up-to-date: D:/Dev/src/ccl/mgis/out/gtest/include/gmock/gmock-spec-builders.h
-- Up-to-date: D:/Dev/src/ccl/mgis/out/gtest/include/gmock/gmock.h
-- Up-to-date: D:/Dev/src/ccl/mgis/out/gtest/include/gmock/internal
-- Up-to-date: D:/Dev/src/ccl/mgis/out/gtest/include/gmock/internal/custom
-- Up-to-date: D:/Dev/src/ccl/mgis/out/gtest/include/gmock/internal/custom/gmock-generated-actions.h
-- Up-to-date: D:/Dev/src/ccl/mgis/out/gtest/include/gmock/internal/custom/gmock-matchers.h
-- Up-to-date: D:/Dev/src/ccl/mgis/out/gtest/include/gmock/internal/custom/gmock-port.h
-- Up-to-date: D:/Dev/src/ccl/mgis/out/gtest/include/gmock/internal/custom/README.md
-- Up-to-date: D:/Dev/src/ccl/mgis/out/gtest/include/gmock/internal/gmock-internal-utils.h
-- Up-to-date: D:/Dev/src/ccl/mgis/out/gtest/include/gmock/internal/gmock-port.h
-- Up-to-date: D:/Dev/src/ccl/mgis/out/gtest/include/gmock/internal/gmock-pp.h
-- Up-to-date: D:/Dev/src/ccl/mgis/out/gtest/lib/gmock.lib
-- Up-to-date: D:/Dev/src/ccl/mgis/out/gtest/lib/gmock_main.lib
-- Up-to-date: D:/Dev/src/ccl/mgis/out/gtest/lib/pkgconfig/gmock.pc
-- Up-to-date: D:/Dev/src/ccl/mgis/out/gtest/lib/pkgconfig/gmock_main.pc
-- Up-to-date: D:/Dev/src/ccl/mgis/out/gtest/lib/cmake/GTest/GTestTargets.cmake
-- Up-to-date: D:/Dev/src/ccl/mgis/out/gtest/lib/cmake/GTest/GTestTargets-release.cmake
-- Up-to-date: D:/Dev/src/ccl/mgis/out/gtest/lib/cmake/GTest/GTestConfigVersion.cmake
-- Up-to-date: D:/Dev/src/ccl/mgis/out/gtest/lib/cmake/GTest/GTestConfig.cmake
-- Up-to-date: D:/Dev/src/ccl/mgis/out/gtest/include
-- Up-to-date: D:/Dev/src/ccl/mgis/out/gtest/include/gtest
-- Up-to-date: D:/Dev/src/ccl/mgis/out/gtest/include/gtest/gtest-death-test.h
-- Up-to-date: D:/Dev/src/ccl/mgis/out/gtest/include/gtest/gtest-matchers.h
-- Up-to-date: D:/Dev/src/ccl/mgis/out/gtest/include/gtest/gtest-message.h
-- Up-to-date: D:/Dev/src/ccl/mgis/out/gtest/include/gtest/gtest-param-test.h
-- Up-to-date: D:/Dev/src/ccl/mgis/out/gtest/include/gtest/gtest-printers.h
-- Up-to-date: D:/Dev/src/ccl/mgis/out/gtest/include/gtest/gtest-spi.h
-- Up-to-date: D:/Dev/src/ccl/mgis/out/gtest/include/gtest/gtest-test-part.h
-- Up-to-date: D:/Dev/src/ccl/mgis/out/gtest/include/gtest/gtest-typed-test.h
-- Up-to-date: D:/Dev/src/ccl/mgis/out/gtest/include/gtest/gtest.h
-- Up-to-date: D:/Dev/src/ccl/mgis/out/gtest/include/gtest/gtest_pred_impl.h
-- Up-to-date: D:/Dev/src/ccl/mgis/out/gtest/include/gtest/gtest_prod.h
-- Up-to-date: D:/Dev/src/ccl/mgis/out/gtest/include/gtest/internal
-- Up-to-date: D:/Dev/src/ccl/mgis/out/gtest/include/gtest/internal/custom
-- Up-to-date: D:/Dev/src/ccl/mgis/out/gtest/include/gtest/internal/custom/gtest-port.h
-- Up-to-date: D:/Dev/src/ccl/mgis/out/gtest/include/gtest/internal/custom/gtest-printers.h
-- Up-to-date: D:/Dev/src/ccl/mgis/out/gtest/include/gtest/internal/custom/gtest.h
-- Up-to-date: D:/Dev/src/ccl/mgis/out/gtest/include/gtest/internal/custom/README.md
-- Up-to-date: D:/Dev/src/ccl/mgis/out/gtest/include/gtest/internal/gtest-death-test-internal.h
-- Up-to-date: D:/Dev/src/ccl/mgis/out/gtest/include/gtest/internal/gtest-filepath.h
-- Up-to-date: D:/Dev/src/ccl/mgis/out/gtest/include/gtest/internal/gtest-internal.h
-- Up-to-date: D:/Dev/src/ccl/mgis/out/gtest/include/gtest/internal/gtest-param-util.h
-- Up-to-date: D:/Dev/src/ccl/mgis/out/gtest/include/gtest/internal/gtest-port-arch.h
-- Up-to-date: D:/Dev/src/ccl/mgis/out/gtest/include/gtest/internal/gtest-port.h
-- Up-to-date: D:/Dev/src/ccl/mgis/out/gtest/include/gtest/internal/gtest-string.h
-- Up-to-date: D:/Dev/src/ccl/mgis/out/gtest/include/gtest/internal/gtest-type-util.h
-- Up-to-date: D:/Dev/src/ccl/mgis/out/gtest/lib/gtest.lib
-- Up-to-date: D:/Dev/src/ccl/mgis/out/gtest/lib/gtest_main.lib
-- Up-to-date: D:/Dev/src/ccl/mgis/out/gtest/lib/pkgconfig/gtest.pc
-- Up-to-date: D:/Dev/src/ccl/mgis/out/gtest/lib/pkgconfig/gtest_main.pc
[3/21] ACTION //third_party:glog(//build/toolchain/win:msvc)
['../build/tools/cmake.py', '../third_party/glog', 'BUILD_SHARED_LIBS=OFF', 'obj/third_party/glog', 'glog', 'x64', 'false', 'true', 'v177', '0x0A00']
cmake -A x64 -DCMAKE_POLICY_DEFAULT_CMP0091=NEW -DCMAKE_MSVC_RUNTIME_LIBRARY=MultiThreaded -DCMAKE_INSTALL_PREFIX=glog -DBUILD_SHARED_LIBS=OFF -DCMAKE_C_FLAGS_INIT="/D _WIN32_WINNT=0x0A00" -DCMAKE_CXX_FLAGS_INIT="/D _WIN32_WINNT=0x0A00" -S ../third_party/glog -B obj/third_party/glog
CMake Deprecation Warning at cmake/GetCacheVariables.cmake:2 (cmake_policy):
  Compatibility with CMake < 3.5 will be removed from a future version of
  CMake.

  Update the VERSION argument <min> value or use a ...<max> suffix to tell
  CMake that the project does not need compatibility with older versions.
Call Stack (most recent call first):
  CMakeLists.txt:34 (include)


-- Could NOT find GTest (missing: GTest_DIR)
CMake Warning at CMakeLists.txt:82 (find_package):
  By not providing "Findgflags.cmake" in CMAKE_MODULE_PATH this project has
  asked CMake to find a package configuration file provided by "gflags", but
  CMake did not find one.

  Could not find a package configuration file provided by "gflags" (requested
  version 2.2.2) with any of the following names:

    gflagsConfig.cmake
    gflags-config.cmake

  Add the installation prefix of "gflags" to CMAKE_PREFIX_PATH or set
  "gflags_DIR" to a directory containing one of the above files.  If "gflags"
  provides a separate development package or SDK, be sure it has been
  installed.


-- Could NOT find Unwind (missing: Unwind_INCLUDE_DIR Unwind_LIBRARY) 
-- Configuring done (0.8s)
-- Generating done (0.7s)
-- Build files have been written to: D:/Dev/src/ccl/mgis/out/obj/third_party/glog
cmake --build obj/third_party/glog --config release
适用于 .NET Framework MSBuild 版本 17.7.2+d6990bcfa

  glogbase.vcxproj -> D:\Dev\src\ccl\mgis\out\obj\third_party\glog\glogbase.dir\Release\glogbase.lib
  glogtest.vcxproj -> D:\Dev\src\ccl\mgis\out\obj\third_party\glog\Release\glogtest.lib
  cleanup_immediately_unittest.vcxproj -> D:\Dev\src\ccl\mgis\out\obj\third_party\glog\Release\cleanup_immediately_unittest.exe
  cleanup_with_absolute_prefix_unittest.vcxproj -> D:\Dev\src\ccl\mgis\out\obj\third_party\glog\Release\cleanup_with_absolute_prefix_unittest.exe
  cleanup_with_relative_prefix_unittest.vcxproj -> D:\Dev\src\ccl\mgis\out\obj\third_party\glog\Release\cleanup_with_relative_prefix_unittest.exe
  demangle_unittest.vcxproj -> D:\Dev\src\ccl\mgis\out\obj\third_party\glog\Release\demangle_unittest.exe
  glog.vcxproj -> D:\Dev\src\ccl\mgis\out\obj\third_party\glog\Release\glog.lib
  logging_custom_prefix_unittest.cc
  logging_custom_prefix_unittest.vcxproj -> D:\Dev\src\ccl\mgis\out\obj\third_party\glog\Release\logging_custom_prefix_unittest.exe
  logging_unittest.vcxproj -> D:\Dev\src\ccl\mgis\out\obj\third_party\glog\Release\logging_unittest.exe
  signalhandler_unittest.vcxproj -> D:\Dev\src\ccl\mgis\out\obj\third_party\glog\Release\signalhandler_unittest.exe
  stacktrace_unittest.vcxproj -> D:\Dev\src\ccl\mgis\out\obj\third_party\glog\Release\stacktrace_unittest.exe
  stl_logging_unittest.vcxproj -> D:\Dev\src\ccl\mgis\out\obj\third_party\glog\Release\stl_logging_unittest.exe
  symbolize_unittest.vcxproj -> D:\Dev\src\ccl\mgis\out\obj\third_party\glog\Release\symbolize_unittest.exe
  utilities_unittest.vcxproj -> D:\Dev\src\ccl\mgis\out\obj\third_party\glog\Release\utilities_unittest.exe
cmake --install obj/third_party/glog --config release --prefix glog
-- Up-to-date: D:/Dev/src/ccl/mgis/out/glog/lib/glog.lib
-- Up-to-date: D:/Dev/src/ccl/mgis/out/glog/include/glog/export.h
-- Up-to-date: D:/Dev/src/ccl/mgis/out/glog/include/glog/logging.h
-- Up-to-date: D:/Dev/src/ccl/mgis/out/glog/include/glog/raw_logging.h
-- Up-to-date: D:/Dev/src/ccl/mgis/out/glog/include/glog/stl_logging.h
-- Up-to-date: D:/Dev/src/ccl/mgis/out/glog/include/glog/vlog_is_on.h
-- Up-to-date: D:/Dev/src/ccl/mgis/out/glog/include/glog/log_severity.h
-- Up-to-date: D:/Dev/src/ccl/mgis/out/glog/include/glog/platform.h
-- Up-to-date: D:/Dev/src/ccl/mgis/out/glog/lib/pkgconfig/libglog.pc
-- Up-to-date: D:/Dev/src/ccl/mgis/out/glog/lib/cmake/glog/glog-modules.cmake
-- Up-to-date: D:/Dev/src/ccl/mgis/out/glog/lib/cmake/glog/glog-config.cmake
-- Up-to-date: D:/Dev/src/ccl/mgis/out/glog/lib/cmake/glog/glog-config-version.cmake
-- Up-to-date: D:/Dev/src/ccl/mgis/out/glog/lib/cmake/glog/glog-targets.cmake
-- Up-to-date: D:/Dev/src/ccl/mgis/out/glog/lib/cmake/glog/glog-targets-release.cmake
[4/17] STAMP obj/core/core_test.inputdeps.stamp
[5/17] CXX obj/geometry/geometry/geometry.obj
FAILED: obj/geometry/geometry/geometry.obj 
ninja -t msvc -e environment.x64.x64 -- cl.exe /c ../geometry/geometry.cpp /Foobj/geometry/geometry/geometry.obj /nologo -DNOMINMAX -DNDEBUG -DUNICODE -D_UNICODE -DWINVER=0x0A00 -D_WIN32_WINNT=0x0A00 -D_WIN32_WINDOWS=0x0A00 -DNTDDI_VERSION=0x0A000000 -DWIN32_LEAN_AND_MEAN -D_CRT_NONSTDC_NO_DEPRECATE -D_CRT_NONSTDC_NO_WARNINGS -D_CRT_SECURE_NO_DEPRECATE -D_CRT_SECURE_NO_WARNINGS -I.. -Igen -Iglog/include -Igbenchmark/include -Igtest/include -I.. -I.. -I.. -I.. -I.. -I.. -I.. -I.. -I.. /EHsc /Gd /Gm- /Oy- /W3 /WX- /Zi /Zl /GS /Zc:forScope /Zc:wchar_t /analyze- /bigobj /fp:precise /analyze- /bigobj /fp:precise /utf-8 /Gy /O2 /Oi /GL /MT /std:c++latest /EHsc /Fd"obj/geometry/geometry_cc.pdb" /FS
C:\Program Files (x86)\Windows Kits\10\include\10.0.22621.0\um\winnt.h(169): fatal error C1189: #error:  "No Target Architecture"
[6/17] CXX obj/geometry/geometry/algorithms.obj
FAILED: obj/geometry/geometry/algorithms.obj 
ninja -t msvc -e environment.x64.x64 -- cl.exe /c ../geometry/algorithms.cpp /Foobj/geometry/geometry/algorithms.obj /nologo -DNOMINMAX -DNDEBUG -DUNICODE -D_UNICODE -DWINVER=0x0A00 -D_WIN32_WINNT=0x0A00 -D_WIN32_WINDOWS=0x0A00 -DNTDDI_VERSION=0x0A000000 -DWIN32_LEAN_AND_MEAN -D_CRT_NONSTDC_NO_DEPRECATE -D_CRT_NONSTDC_NO_WARNINGS -D_CRT_SECURE_NO_DEPRECATE -D_CRT_SECURE_NO_WARNINGS -I.. -Igen -Iglog/include -Igbenchmark/include -Igtest/include -I.. -I.. -I.. -I.. -I.. -I.. -I.. -I.. -I.. /EHsc /Gd /Gm- /Oy- /W3 /WX- /Zi /Zl /GS /Zc:forScope /Zc:wchar_t /analyze- /bigobj /fp:precise /analyze- /bigobj /fp:precise /utf-8 /Gy /O2 /Oi /GL /MT /std:c++latest /EHsc /Fd"obj/geometry/geometry_cc.pdb" /FS
C:\Program Files (x86)\Windows Kits\10\include\10.0.22621.0\um\winnt.h(169): fatal error C1189: #error:  "No Target Architecture"
[7/17] CXX obj/core/core/listener.obj
FAILED: obj/core/core/listener.obj 
ninja -t msvc -e environment.x64.x64 -- cl.exe /c ../core/listener.cpp /Foobj/core/core/listener.obj /nologo -DNOMINMAX -DNDEBUG -DUNICODE -D_UNICODE -DWINVER=0x0A00 -D_WIN32_WINNT=0x0A00 -D_WIN32_WINDOWS=0x0A00 -DNTDDI_VERSION=0x0A000000 -DWIN32_LEAN_AND_MEAN -D_CRT_NONSTDC_NO_DEPRECATE -D_CRT_NONSTDC_NO_WARNINGS -D_CRT_SECURE_NO_DEPRECATE -D_CRT_SECURE_NO_WARNINGS -I.. -Igen -Iglog/include -Igbenchmark/include -Igtest/include -I.. -I.. -I.. -I.. -I.. -I.. -I.. -I.. -I.. /EHsc /Gd /Gm- /Oy- /W3 /WX- /Zi /Zl /GS /Zc:forScope /Zc:wchar_t /analyze- /bigobj /fp:precise /analyze- /bigobj /fp:precise /utf-8 /Gy /O2 /Oi /GL /MT /std:c++latest /EHsc /Fd"obj/core/core_cc.pdb" /FS
C:\Program Files (x86)\Windows Kits\10\include\10.0.22621.0\um\winnt.h(169): fatal error C1189: #error:  "No Target Architecture"
[8/17] CXX obj/core/core/plugin.obj
FAILED: obj/core/core/plugin.obj 
ninja -t msvc -e environment.x64.x64 -- cl.exe /c ../core/plugin.cpp /Foobj/core/core/plugin.obj /nologo -DNOMINMAX -DNDEBUG -DUNICODE -D_UNICODE -DWINVER=0x0A00 -D_WIN32_WINNT=0x0A00 -D_WIN32_WINDOWS=0x0A00 -DNTDDI_VERSION=0x0A000000 -DWIN32_LEAN_AND_MEAN -D_CRT_NONSTDC_NO_DEPRECATE -D_CRT_NONSTDC_NO_WARNINGS -D_CRT_SECURE_NO_DEPRECATE -D_CRT_SECURE_NO_WARNINGS -I.. -Igen -Iglog/include -Igbenchmark/include -Igtest/include -I.. -I.. -I.. -I.. -I.. -I.. -I.. -I.. -I.. /EHsc /Gd /Gm- /Oy- /W3 /WX- /Zi /Zl /GS /Zc:forScope /Zc:wchar_t /analyze- /bigobj /fp:precise /analyze- /bigobj /fp:precise /utf-8 /Gy /O2 /Oi /GL /MT /std:c++latest /EHsc /Fd"obj/core/core_cc.pdb" /FS
C:\Program Files (x86)\Windows Kits\10\include\10.0.22621.0\um\winnt.h(169): fatal error C1189: #error:  "No Target Architecture"
[9/17] CXX obj/core/core/dynamic_library.obj
FAILED: obj/core/core/dynamic_library.obj 
ninja -t msvc -e environment.x64.x64 -- cl.exe /c ../core/dynamic_library.cpp /Foobj/core/core/dynamic_library.obj /nologo -DNOMINMAX -DNDEBUG -DUNICODE -D_UNICODE -DWINVER=0x0A00 -D_WIN32_WINNT=0x0A00 -D_WIN32_WINDOWS=0x0A00 -DNTDDI_VERSION=0x0A000000 -DWIN32_LEAN_AND_MEAN -D_CRT_NONSTDC_NO_DEPRECATE -D_CRT_NONSTDC_NO_WARNINGS -D_CRT_SECURE_NO_DEPRECATE -D_CRT_SECURE_NO_WARNINGS -I.. -Igen -Iglog/include -Igbenchmark/include -Igtest/include -I.. -I.. -I.. -I.. -I.. -I.. -I.. -I.. -I.. /EHsc /Gd /Gm- /Oy- /W3 /WX- /Zi /Zl /GS /Zc:forScope /Zc:wchar_t /analyze- /bigobj /fp:precise /analyze- /bigobj /fp:precise /utf-8 /Gy /O2 /Oi /GL /MT /std:c++latest /EHsc /Fd"obj/core/core_cc.pdb" /FS
C:\Program Files (x86)\Windows Kits\10\include\10.0.22621.0\um\winnt.h(169): fatal error C1189: #error:  "No Target Architecture"
[10/17] CXX obj/core/core/command.obj
FAILED: obj/core/core/command.obj 
ninja -t msvc -e environment.x64.x64 -- cl.exe /c ../core/command.cpp /Foobj/core/core/command.obj /nologo -DNOMINMAX -DNDEBUG -DUNICODE -D_UNICODE -DWINVER=0x0A00 -D_WIN32_WINNT=0x0A00 -D_WIN32_WINDOWS=0x0A00 -DNTDDI_VERSION=0x0A000000 -DWIN32_LEAN_AND_MEAN -D_CRT_NONSTDC_NO_DEPRECATE -D_CRT_NONSTDC_NO_WARNINGS -D_CRT_SECURE_NO_DEPRECATE -D_CRT_SECURE_NO_WARNINGS -I.. -Igen -Iglog/include -Igbenchmark/include -Igtest/include -I.. -I.. -I.. -I.. -I.. -I.. -I.. -I.. -I.. /EHsc /Gd /Gm- /Oy- /W3 /WX- /Zi /Zl /GS /Zc:forScope /Zc:wchar_t /analyze- /bigobj /fp:precise /analyze- /bigobj /fp:precise /utf-8 /Gy /O2 /Oi /GL /MT /std:c++latest /EHsc /Fd"obj/core/core_cc.pdb" /FS
C:\Program Files (x86)\Windows Kits\10\include\10.0.22621.0\um\winnt.h(169): fatal error C1189: #error:  "No Target Architecture"
[11/17] CXX obj/core/core_test/main.obj
[12/17] CXX obj/core/core_test/core_unittest.obj
ninja: build stopped: subcommand failed.
